ERROR StackTrace - Full Stack Trace:
org.grails.taglib.GrailsTagException: [views/index.gsp:7] Grails tag [sitemesh:captureBody] was not closed
	at org.grails.gsp.compiler.GroovyPageParser.endTag(GroovyPageParser.java:1026)
	at org.grails.gsp.compiler.GroovyPageParser.page(GroovyPageParser.java:868)
	at org.grails.gsp.compiler.GroovyPageParser.generateGsp(GroovyPageParser.java:410)
	at org.grails.gsp.compiler.GroovyPageParser.parse(GroovyPageParser.java:376)
	at org.grails.gsp.GroovyPagesTemplateEngine.buildPageMetaInfo(GroovyPagesTemplateEngine.java:542)
	at org.grails.gsp.GroovyPagesTemplateEngine.buildPageMetaInfo(GroovyPagesTemplateEngine.java:446)
	at org.grails.gsp.GroovyPagesTemplateEngine$GroovyPagesTemplateEngineCacheEntry.updateValue(GroovyPagesTemplateEngine.java:136)
	at org.grails.gsp.GroovyPagesTemplateEngine$GroovyPagesTemplateEngineCacheEntry.updateValue(GroovyPagesTemplateEngine.java:115)
	at grails.util.CacheEntry.getValue(CacheEntry.java:152)
	at grails.util.CacheEntry.getValue(CacheEntry.java:88)
	at org.grails.gsp.GroovyPagesTemplateEngine.createTemplate(GroovyPagesTemplateEngine.java:282)
	at org.grails.gsp.GroovyPagesTemplateEngine.createTemplate(GroovyPagesTemplateEngine.java:272)
	at org.grails.gsp.GroovyPagesTemplateEngine.createTemplate(GroovyPagesTemplateEngine.java:374)
	at org.grails.web.servlet.view.GroovyPageView.initTemplate(GroovyPageView.java:178)
	at org.grails.web.servlet.view.GroovyPageView.afterPropertiesSet(GroovyPageView.java:167)
	at org.grails.web.servlet.view.GroovyPageViewResolver.createGroovyPageView(GroovyPageViewResolver.java:223)
	at org.grails.web.servlet.view.GroovyPageViewResolver.createGrailsView(GroovyPageViewResolver.java:205)
	at org.grails.web.servlet.view.GroovyPageViewResolver.loadView(GroovyPageViewResolver.java:93)
	at grails.plugin.scaffolding.ScaffoldingViewResolver.loadView(ScaffoldingViewResolver.groovy:45)
	at org.springframework.web.servlet.view.AbstractCachingViewResolver.createView(AbstractCachingViewResolver.java:251)
	at org.springframework.web.servlet.view.UrlBasedViewResolver.createView(UrlBasedViewResolver.java:494)
	at org.springframework.web.servlet.view.AbstractCachingViewResolver.resolveViewName(AbstractCachingViewResolver.java:150)
	at org.grails.web.servlet.view.GrailsLayoutViewResolver.resolveViewName(GrailsLayoutViewResolver.java:57)
	at org.springframework.web.servlet.DispatcherServlet.resolveViewName(DispatcherServlet.java:1413)
	at org.springframework.web.servlet.DispatcherServlet.render(DispatcherServlet.java:1349)
	at org.springframework.web.servlet.DispatcherServlet.processDispatchResult(DispatcherServlet.java:1118)
	at org.springframework.web.servlet.DispatcherServlet.doDispatch(DispatcherServlet.java:1057)
	at org.springframework.web.servlet.DispatcherServlet.doService(DispatcherServlet.java:943)
	at org.springframework.web.servlet.FrameworkServlet.processRequest(FrameworkServlet.java:1006)
	at org.springframework.web.servlet.FrameworkServlet.doGet(FrameworkServlet.java:898)
	at javax.servlet.http.HttpServlet.service(HttpServlet.java:626)
	at org.springframework.web.servlet.FrameworkServlet.service(FrameworkServlet.java:883)
	at javax.servlet.http.HttpServlet.service(HttpServlet.java:733)
	at org.apache.catalina.core.ApplicationFilterChain.internalDoFilter(ApplicationFilterChain.java:231)
	at org.apache.catalina.core.ApplicationFilterChain.doFilter(ApplicationFilterChain.java:166)
	at org.apache.tomcat.websocket.server.WsFilter.doFilter(WsFilter.java:53)
	at org.apache.catalina.core.ApplicationFilterChain.internalDoFilter(ApplicationFilterChain.java:193)
	at org.apache.catalina.core.ApplicationFilterChain.doFilter(ApplicationFilterChain.java:166)
	at org.springframework.boot.actuate.web.trace.servlet.HttpTraceFilter.doFilterInternal(HttpTraceFilter.java:88)
	at org.springframework.web.filter.OncePerRequestFilter.doFilter(OncePerRequestFilter.java:119)
	at org.apache.catalina.core.ApplicationFilterChain.internalDoFilter(ApplicationFilterChain.java:193)
	at org.apache.catalina.core.ApplicationFilterChain.doFilter(ApplicationFilterChain.java:166)
	at org.grails.web.servlet.mvc.GrailsWebRequestFilter.doFilterInternal(GrailsWebRequestFilter.java:77)
	at org.springframework.web.filter.OncePerRequestFilter.doFilter(OncePerRequestFilter.java:119)
	at org.apache.catalina.core.ApplicationFilterChain.internalDoFilter(ApplicationFilterChain.java:193)
	at org.apache.catalina.core.ApplicationFilterChain.doFilter(ApplicationFilterChain.java:166)
	at org.grails.web.filters.HiddenHttpMethodFilter.doFilterInternal(HiddenHttpMethodFilter.java:67)
	at org.springframework.web.filter.OncePerRequestFilter.doFilter(OncePerRequestFilter.java:119)
	at org.apache.catalina.core.ApplicationFilterChain.internalDoFilter(ApplicationFilterChain.java:193)
	at org.apache.catalina.core.ApplicationFilterChain.doFilter(ApplicationFilterChain.java:166)
	at org.springframework.web.filter.CharacterEncodingFilter.doFilterInternal(CharacterEncodingFilter.java:201)
	at org.springframework.web.filter.OncePerRequestFilter.doFilter(OncePerRequestFilter.java:119)
	at org.apache.catalina.core.ApplicationFilterChain.internalDoFilter(ApplicationFilterChain.java:193)
	at org.apache.catalina.core.ApplicationFilterChain.doFilter(ApplicationFilterChain.java:166)
	at org.springframework.boot.actuate.metrics.web.servlet.WebMvcMetricsFilter.filterAndRecordMetrics(WebMvcMetricsFilter.java:114)
	at org.springframework.boot.actuate.metrics.web.servlet.WebMvcMetricsFilter.doFilterInternal(WebMvcMetricsFilter.java:104)
	at org.springframework.web.filter.OncePerRequestFilter.doFilter(OncePerRequestFilter.java:119)
	at org.apache.catalina.core.ApplicationFilterChain.internalDoFilter(ApplicationFilterChain.java:193)
	at org.apache.catalina.core.ApplicationFilterChain.doFilter(ApplicationFilterChain.java:166)
	at org.springframework.web.filter.CorsFilter.doFilterInternal(CorsFilter.java:97)
	at org.springframework.web.filter.OncePerRequestFilter.doFilter(OncePerRequestFilter.java:119)
	at org.apache.catalina.core.ApplicationFilterChain.internalDoFilter(ApplicationFilterChain.java:193)
	at org.apache.catalina.core.ApplicationFilterChain.doFilter(ApplicationFilterChain.java:166)
	at org.apache.catalina.core.StandardWrapperValve.invoke(StandardWrapperValve.java:202)
	at org.apache.catalina.core.StandardContextValve.invoke(StandardContextValve.java:97)
	at org.apache.catalina.authenticator.AuthenticatorBase.invoke(AuthenticatorBase.java:542)
	at org.apache.catalina.core.StandardHostValve.invoke(StandardHostValve.java:143)
	at org.apache.catalina.valves.ErrorReportValve.invoke(ErrorReportValve.java:92)
	at org.apache.catalina.core.StandardEngineValve.invoke(StandardEngineValve.java:78)
	at org.apache.catalina.connector.CoyoteAdapter.service(CoyoteAdapter.java:343)
	at org.apache.coyote.http11.Http11Processor.service(Http11Processor.java:374)
	at org.apache.coyote.AbstractProcessorLight.process(AbstractProcessorLight.java:65)
	at org.apache.coyote.AbstractProtocol$ConnectionHandler.process(AbstractProtocol.java:868)
	at org.apache.tomcat.util.net.NioEndpoint$SocketProcessor.doRun(NioEndpoint.java:1590)
	at org.apache.tomcat.util.net.SocketProcessorBase.run(SocketProcessorBase.java:49)
	at java.util.concurrent.ThreadPoolExecutor.runWorker(ThreadPoolExecutor.java:1149)
	at java.util.concurrent.ThreadPoolExecutor$Worker.run(ThreadPoolExecutor.java:624)
	at org.apache.tomcat.util.threads.TaskThread$WrappingRunnable.run(TaskThread.java:61)
	at java.lang.Thread.run(Thread.java:750)
ERROR StackTrace - Full Stack Trace:
org.grails.taglib.GrailsTagException: [views/index.gsp:7] Grails tag [sitemesh:captureBody] was not closed
	at org.grails.gsp.compiler.GroovyPageParser.endTag(GroovyPageParser.java:1026)
	at org.grails.gsp.compiler.GroovyPageParser.page(GroovyPageParser.java:868)
	at org.grails.gsp.compiler.GroovyPageParser.generateGsp(GroovyPageParser.java:410)
	at org.grails.gsp.compiler.GroovyPageParser.parse(GroovyPageParser.java:376)
	at org.grails.gsp.GroovyPagesTemplateEngine.buildPageMetaInfo(GroovyPagesTemplateEngine.java:542)
	at org.grails.gsp.GroovyPagesTemplateEngine.buildPageMetaInfo(GroovyPagesTemplateEngine.java:446)
	at org.grails.gsp.GroovyPagesTemplateEngine$GroovyPagesTemplateEngineCacheEntry.updateValue(GroovyPagesTemplateEngine.java:136)
	at org.grails.gsp.GroovyPagesTemplateEngine$GroovyPagesTemplateEngineCacheEntry.updateValue(GroovyPagesTemplateEngine.java:115)
	at grails.util.CacheEntry.getValue(CacheEntry.java:152)
	at grails.util.CacheEntry.getValue(CacheEntry.java:88)
	at org.grails.gsp.GroovyPagesTemplateEngine.createTemplate(GroovyPagesTemplateEngine.java:282)
	at org.grails.gsp.GroovyPagesTemplateEngine.createTemplate(GroovyPagesTemplateEngine.java:272)
	at org.grails.gsp.GroovyPagesTemplateEngine.createTemplate(GroovyPagesTemplateEngine.java:374)
	at org.grails.web.servlet.view.GroovyPageView.initTemplate(GroovyPageView.java:178)
	at org.grails.web.servlet.view.GroovyPageView.afterPropertiesSet(GroovyPageView.java:167)
	at org.grails.web.servlet.view.GroovyPageViewResolver.createGroovyPageView(GroovyPageViewResolver.java:223)
	at org.grails.web.servlet.view.GroovyPageViewResolver.createGrailsView(GroovyPageViewResolver.java:205)
	at org.grails.web.servlet.view.GroovyPageViewResolver.loadView(GroovyPageViewResolver.java:93)
	at grails.plugin.scaffolding.ScaffoldingViewResolver.loadView(ScaffoldingViewResolver.groovy:45)
	at org.springframework.web.servlet.view.AbstractCachingViewResolver.createView(AbstractCachingViewResolver.java:251)
	at org.springframework.web.servlet.view.UrlBasedViewResolver.createView(UrlBasedViewResolver.java:494)
	at org.springframework.web.servlet.view.AbstractCachingViewResolver.resolveViewName(AbstractCachingViewResolver.java:150)
	at org.grails.web.servlet.view.GrailsLayoutViewResolver.resolveViewName(GrailsLayoutViewResolver.java:57)
	at org.springframework.web.servlet.DispatcherServlet.resolveViewName(DispatcherServlet.java:1413)
	at org.springframework.web.servlet.DispatcherServlet.render(DispatcherServlet.java:1349)
	at org.springframework.web.servlet.DispatcherServlet.processDispatchResult(DispatcherServlet.java:1118)
	at org.springframework.web.servlet.DispatcherServlet.doDispatch(DispatcherServlet.java:1057)
	at org.springframework.web.servlet.DispatcherServlet.doService(DispatcherServlet.java:943)
	at org.springframework.web.servlet.FrameworkServlet.processRequest(FrameworkServlet.java:1006)
	at org.springframework.web.servlet.FrameworkServlet.doGet(FrameworkServlet.java:898)
	at org.springframework.web.servlet.FrameworkServlet.service(FrameworkServlet.java:883)
	at org.grails.web.servlet.mvc.GrailsWebRequestFilter.doFilterInternal(GrailsWebRequestFilter.java:77)
	at org.grails.web.filters.HiddenHttpMethodFilter.doFilterInternal(HiddenHttpMethodFilter.java:67)
	at java.util.concurrent.ThreadPoolExecutor.runWorker(ThreadPoolExecutor.java:1149)
	at java.util.concurrent.ThreadPoolExecutor$Worker.run(ThreadPoolExecutor.java:624)
	at java.lang.Thread.run(Thread.java:750)
ERROR StackTrace - Full Stack Trace:
org.grails.taglib.GrailsTagException: [views/index.gsp:88] Grails tag [asset:javascript] was not closed
	at org.grails.gsp.compiler.GroovyPageParser.endTag(GroovyPageParser.java:1026)
	at org.grails.gsp.compiler.GroovyPageParser.page(GroovyPageParser.java:868)
	at org.grails.gsp.compiler.GroovyPageParser.generateGsp(GroovyPageParser.java:410)
	at org.grails.gsp.compiler.GroovyPageParser.parse(GroovyPageParser.java:376)
	at org.grails.gsp.GroovyPagesTemplateEngine.buildPageMetaInfo(GroovyPagesTemplateEngine.java:542)
	at org.grails.gsp.GroovyPagesTemplateEngine.buildPageMetaInfo(GroovyPagesTemplateEngine.java:446)
	at org.grails.gsp.GroovyPagesTemplateEngine$GroovyPagesTemplateEngineCacheEntry.updateValue(GroovyPagesTemplateEngine.java:136)
	at org.grails.gsp.GroovyPagesTemplateEngine$GroovyPagesTemplateEngineCacheEntry.updateValue(GroovyPagesTemplateEngine.java:115)
	at grails.util.CacheEntry.getValue(CacheEntry.java:152)
	at grails.util.CacheEntry.getValue(CacheEntry.java:88)
	at org.grails.gsp.GroovyPagesTemplateEngine.createTemplate(GroovyPagesTemplateEngine.java:282)
	at org.grails.gsp.GroovyPagesTemplateEngine.createTemplate(GroovyPagesTemplateEngine.java:272)
	at org.grails.gsp.GroovyPagesTemplateEngine.createTemplate(GroovyPagesTemplateEngine.java:374)
	at org.grails.web.servlet.view.GroovyPageView.initTemplate(GroovyPageView.java:178)
	at org.grails.web.servlet.view.GroovyPageView.afterPropertiesSet(GroovyPageView.java:167)
	at org.grails.web.servlet.view.GroovyPageViewResolver.createGroovyPageView(GroovyPageViewResolver.java:223)
	at org.grails.web.servlet.view.GroovyPageViewResolver.createGrailsView(GroovyPageViewResolver.java:205)
	at org.grails.web.servlet.view.GroovyPageViewResolver.loadView(GroovyPageViewResolver.java:93)
	at grails.plugin.scaffolding.ScaffoldingViewResolver.loadView(ScaffoldingViewResolver.groovy:45)
	at org.springframework.web.servlet.view.AbstractCachingViewResolver.createView(AbstractCachingViewResolver.java:251)
	at org.springframework.web.servlet.view.UrlBasedViewResolver.createView(UrlBasedViewResolver.java:494)
	at org.springframework.web.servlet.view.AbstractCachingViewResolver.resolveViewName(AbstractCachingViewResolver.java:150)
	at org.grails.web.servlet.view.GrailsLayoutViewResolver.resolveViewName(GrailsLayoutViewResolver.java:57)
	at org.springframework.web.servlet.DispatcherServlet.resolveViewName(DispatcherServlet.java:1413)
	at org.springframework.web.servlet.DispatcherServlet.render(DispatcherServlet.java:1349)
	at org.springframework.web.servlet.DispatcherServlet.processDispatchResult(DispatcherServlet.java:1118)
	at org.springframework.web.servlet.DispatcherServlet.doDispatch(DispatcherServlet.java:1057)
	at org.springframework.web.servlet.DispatcherServlet.doService(DispatcherServlet.java:943)
	at org.springframework.web.servlet.FrameworkServlet.processRequest(FrameworkServlet.java:1006)
	at org.springframework.web.servlet.FrameworkServlet.doGet(FrameworkServlet.java:898)
	at javax.servlet.http.HttpServlet.service(HttpServlet.java:626)
	at org.springframework.web.servlet.FrameworkServlet.service(FrameworkServlet.java:883)
	at javax.servlet.http.HttpServlet.service(HttpServlet.java:733)
	at org.apache.catalina.core.ApplicationFilterChain.internalDoFilter(ApplicationFilterChain.java:231)
	at org.apache.catalina.core.ApplicationFilterChain.doFilter(ApplicationFilterChain.java:166)
	at org.apache.tomcat.websocket.server.WsFilter.doFilter(WsFilter.java:53)
	at org.apache.catalina.core.ApplicationFilterChain.internalDoFilter(ApplicationFilterChain.java:193)
	at org.apache.catalina.core.ApplicationFilterChain.doFilter(ApplicationFilterChain.java:166)
	at org.springframework.boot.actuate.web.trace.servlet.HttpTraceFilter.doFilterInternal(HttpTraceFilter.java:88)
	at org.springframework.web.filter.OncePerRequestFilter.doFilter(OncePerRequestFilter.java:119)
	at org.apache.catalina.core.ApplicationFilterChain.internalDoFilter(ApplicationFilterChain.java:193)
	at org.apache.catalina.core.ApplicationFilterChain.doFilter(ApplicationFilterChain.java:166)
	at org.grails.web.servlet.mvc.GrailsWebRequestFilter.doFilterInternal(GrailsWebRequestFilter.java:77)
	at org.springframework.web.filter.OncePerRequestFilter.doFilter(OncePerRequestFilter.java:119)
	at org.apache.catalina.core.ApplicationFilterChain.internalDoFilter(ApplicationFilterChain.java:193)
	at org.apache.catalina.core.ApplicationFilterChain.doFilter(ApplicationFilterChain.java:166)
	at org.grails.web.filters.HiddenHttpMethodFilter.doFilterInternal(HiddenHttpMethodFilter.java:67)
	at org.springframework.web.filter.OncePerRequestFilter.doFilter(OncePerRequestFilter.java:119)
	at org.apache.catalina.core.ApplicationFilterChain.internalDoFilter(ApplicationFilterChain.java:193)
	at org.apache.catalina.core.ApplicationFilterChain.doFilter(ApplicationFilterChain.java:166)
	at org.springframework.web.filter.CharacterEncodingFilter.doFilterInternal(CharacterEncodingFilter.java:201)
	at org.springframework.web.filter.OncePerRequestFilter.doFilter(OncePerRequestFilter.java:119)
	at org.apache.catalina.core.ApplicationFilterChain.internalDoFilter(ApplicationFilterChain.java:193)
	at org.apache.catalina.core.ApplicationFilterChain.doFilter(ApplicationFilterChain.java:166)
	at org.springframework.boot.actuate.metrics.web.servlet.WebMvcMetricsFilter.filterAndRecordMetrics(WebMvcMetricsFilter.java:114)
	at org.springframework.boot.actuate.metrics.web.servlet.WebMvcMetricsFilter.doFilterInternal(WebMvcMetricsFilter.java:104)
	at org.springframework.web.filter.OncePerRequestFilter.doFilter(OncePerRequestFilter.java:119)
	at org.apache.catalina.core.ApplicationFilterChain.internalDoFilter(ApplicationFilterChain.java:193)
	at org.apache.catalina.core.ApplicationFilterChain.doFilter(ApplicationFilterChain.java:166)
	at org.springframework.web.filter.CorsFilter.doFilterInternal(CorsFilter.java:97)
	at org.springframework.web.filter.OncePerRequestFilter.doFilter(OncePerRequestFilter.java:119)
	at org.apache.catalina.core.ApplicationFilterChain.internalDoFilter(ApplicationFilterChain.java:193)
	at org.apache.catalina.core.ApplicationFilterChain.doFilter(ApplicationFilterChain.java:166)
	at org.apache.catalina.core.StandardWrapperValve.invoke(StandardWrapperValve.java:202)
	at org.apache.catalina.core.StandardContextValve.invoke(StandardContextValve.java:97)
	at org.apache.catalina.authenticator.AuthenticatorBase.invoke(AuthenticatorBase.java:542)
	at org.apache.catalina.core.StandardHostValve.invoke(StandardHostValve.java:143)
	at org.apache.catalina.valves.ErrorReportValve.invoke(ErrorReportValve.java:92)
	at org.apache.catalina.core.StandardEngineValve.invoke(StandardEngineValve.java:78)
	at org.apache.catalina.connector.CoyoteAdapter.service(CoyoteAdapter.java:343)
	at org.apache.coyote.http11.Http11Processor.service(Http11Processor.java:374)
	at org.apache.coyote.AbstractProcessorLight.process(AbstractProcessorLight.java:65)
	at org.apache.coyote.AbstractProtocol$ConnectionHandler.process(AbstractProtocol.java:868)
	at org.apache.tomcat.util.net.NioEndpoint$SocketProcessor.doRun(NioEndpoint.java:1590)
	at org.apache.tomcat.util.net.SocketProcessorBase.run(SocketProcessorBase.java:49)
	at java.util.concurrent.ThreadPoolExecutor.runWorker(ThreadPoolExecutor.java:1149)
	at java.util.concurrent.ThreadPoolExecutor$Worker.run(ThreadPoolExecutor.java:624)
	at org.apache.tomcat.util.threads.TaskThread$WrappingRunnable.run(TaskThread.java:61)
	at java.lang.Thread.run(Thread.java:750)
ERROR StackTrace - Full Stack Trace:
org.grails.taglib.GrailsTagException: [views/index.gsp:88] Grails tag [asset:javascript] was not closed
	at org.grails.gsp.compiler.GroovyPageParser.endTag(GroovyPageParser.java:1026)
	at org.grails.gsp.compiler.GroovyPageParser.page(GroovyPageParser.java:868)
	at org.grails.gsp.compiler.GroovyPageParser.generateGsp(GroovyPageParser.java:410)
	at org.grails.gsp.compiler.GroovyPageParser.parse(GroovyPageParser.java:376)
	at org.grails.gsp.GroovyPagesTemplateEngine.buildPageMetaInfo(GroovyPagesTemplateEngine.java:542)
	at org.grails.gsp.GroovyPagesTemplateEngine.buildPageMetaInfo(GroovyPagesTemplateEngine.java:446)
	at org.grails.gsp.GroovyPagesTemplateEngine$GroovyPagesTemplateEngineCacheEntry.updateValue(GroovyPagesTemplateEngine.java:136)
	at org.grails.gsp.GroovyPagesTemplateEngine$GroovyPagesTemplateEngineCacheEntry.updateValue(GroovyPagesTemplateEngine.java:115)
	at grails.util.CacheEntry.getValue(CacheEntry.java:152)
	at grails.util.CacheEntry.getValue(CacheEntry.java:88)
	at org.grails.gsp.GroovyPagesTemplateEngine.createTemplate(GroovyPagesTemplateEngine.java:282)
	at org.grails.gsp.GroovyPagesTemplateEngine.createTemplate(GroovyPagesTemplateEngine.java:272)
	at org.grails.gsp.GroovyPagesTemplateEngine.createTemplate(GroovyPagesTemplateEngine.java:374)
	at org.grails.web.servlet.view.GroovyPageView.initTemplate(GroovyPageView.java:178)
	at org.grails.web.servlet.view.GroovyPageView.afterPropertiesSet(GroovyPageView.java:167)
	at org.grails.web.servlet.view.GroovyPageViewResolver.createGroovyPageView(GroovyPageViewResolver.java:223)
	at org.grails.web.servlet.view.GroovyPageViewResolver.createGrailsView(GroovyPageViewResolver.java:205)
	at org.grails.web.servlet.view.GroovyPageViewResolver.loadView(GroovyPageViewResolver.java:93)
	at grails.plugin.scaffolding.ScaffoldingViewResolver.loadView(ScaffoldingViewResolver.groovy:45)
	at org.springframework.web.servlet.view.AbstractCachingViewResolver.createView(AbstractCachingViewResolver.java:251)
	at org.springframework.web.servlet.view.UrlBasedViewResolver.createView(UrlBasedViewResolver.java:494)
	at org.springframework.web.servlet.view.AbstractCachingViewResolver.resolveViewName(AbstractCachingViewResolver.java:150)
	at org.grails.web.servlet.view.GrailsLayoutViewResolver.resolveViewName(GrailsLayoutViewResolver.java:57)
	at org.springframework.web.servlet.DispatcherServlet.resolveViewName(DispatcherServlet.java:1413)
	at org.springframework.web.servlet.DispatcherServlet.render(DispatcherServlet.java:1349)
	at org.springframework.web.servlet.DispatcherServlet.processDispatchResult(DispatcherServlet.java:1118)
	at org.springframework.web.servlet.DispatcherServlet.doDispatch(DispatcherServlet.java:1057)
	at org.springframework.web.servlet.DispatcherServlet.doService(DispatcherServlet.java:943)
	at org.springframework.web.servlet.FrameworkServlet.processRequest(FrameworkServlet.java:1006)
	at org.springframework.web.servlet.FrameworkServlet.doGet(FrameworkServlet.java:898)
	at org.springframework.web.servlet.FrameworkServlet.service(FrameworkServlet.java:883)
	at org.grails.web.servlet.mvc.GrailsWebRequestFilter.doFilterInternal(GrailsWebRequestFilter.java:77)
	at org.grails.web.filters.HiddenHttpMethodFilter.doFilterInternal(HiddenHttpMethodFilter.java:67)
	at java.util.concurrent.ThreadPoolExecutor.runWorker(ThreadPoolExecutor.java:1149)
	at java.util.concurrent.ThreadPoolExecutor$Worker.run(ThreadPoolExecutor.java:624)
	at java.lang.Thread.run(Thread.java:750)
ERROR StackTrace - Full Stack Trace:
org.grails.taglib.GrailsTagException: [views/index.gsp:88] Grails tag [asset:javascript] was not closed
	at org.grails.gsp.compiler.GroovyPageParser.endTag(GroovyPageParser.java:1026)
	at org.grails.gsp.compiler.GroovyPageParser.page(GroovyPageParser.java:868)
	at org.grails.gsp.compiler.GroovyPageParser.generateGsp(GroovyPageParser.java:410)
	at org.grails.gsp.compiler.GroovyPageParser.parse(GroovyPageParser.java:376)
	at org.grails.gsp.GroovyPagesTemplateEngine.buildPageMetaInfo(GroovyPagesTemplateEngine.java:542)
	at org.grails.gsp.GroovyPagesTemplateEngine.buildPageMetaInfo(GroovyPagesTemplateEngine.java:446)
	at org.grails.gsp.GroovyPagesTemplateEngine$GroovyPagesTemplateEngineCacheEntry.updateValue(GroovyPagesTemplateEngine.java:136)
	at org.grails.gsp.GroovyPagesTemplateEngine$GroovyPagesTemplateEngineCacheEntry.updateValue(GroovyPagesTemplateEngine.java:115)
	at grails.util.CacheEntry.getValue(CacheEntry.java:152)
	at grails.util.CacheEntry.getValue(CacheEntry.java:88)
	at org.grails.gsp.GroovyPagesTemplateEngine.createTemplate(GroovyPagesTemplateEngine.java:282)
	at org.grails.gsp.GroovyPagesTemplateEngine.createTemplate(GroovyPagesTemplateEngine.java:272)
	at org.grails.gsp.GroovyPagesTemplateEngine.createTemplate(GroovyPagesTemplateEngine.java:374)
	at org.grails.web.servlet.view.GroovyPageView.initTemplate(GroovyPageView.java:178)
	at org.grails.web.servlet.view.GroovyPageView.afterPropertiesSet(GroovyPageView.java:167)
	at org.grails.web.servlet.view.GroovyPageViewResolver.createGroovyPageView(GroovyPageViewResolver.java:223)
	at org.grails.web.servlet.view.GroovyPageViewResolver.createGrailsView(GroovyPageViewResolver.java:205)
	at org.grails.web.servlet.view.GroovyPageViewResolver.loadView(GroovyPageViewResolver.java:93)
	at grails.plugin.scaffolding.ScaffoldingViewResolver.loadView(ScaffoldingViewResolver.groovy:45)
	at org.springframework.web.servlet.view.AbstractCachingViewResolver.createView(AbstractCachingViewResolver.java:251)
	at org.springframework.web.servlet.view.UrlBasedViewResolver.createView(UrlBasedViewResolver.java:494)
	at org.springframework.web.servlet.view.AbstractCachingViewResolver.resolveViewName(AbstractCachingViewResolver.java:150)
	at org.grails.web.servlet.view.GrailsLayoutViewResolver.resolveViewName(GrailsLayoutViewResolver.java:57)
	at org.springframework.web.servlet.DispatcherServlet.resolveViewName(DispatcherServlet.java:1413)
	at org.springframework.web.servlet.DispatcherServlet.render(DispatcherServlet.java:1349)
	at org.springframework.web.servlet.DispatcherServlet.processDispatchResult(DispatcherServlet.java:1118)
	at org.springframework.web.servlet.DispatcherServlet.doDispatch(DispatcherServlet.java:1057)
	at org.springframework.web.servlet.DispatcherServlet.doService(DispatcherServlet.java:943)
	at org.springframework.web.servlet.FrameworkServlet.processRequest(FrameworkServlet.java:1006)
	at org.springframework.web.servlet.FrameworkServlet.doGet(FrameworkServlet.java:898)
	at javax.servlet.http.HttpServlet.service(HttpServlet.java:626)
	at org.springframework.web.servlet.FrameworkServlet.service(FrameworkServlet.java:883)
	at javax.servlet.http.HttpServlet.service(HttpServlet.java:733)
	at org.apache.catalina.core.ApplicationFilterChain.internalDoFilter(ApplicationFilterChain.java:231)
	at org.apache.catalina.core.ApplicationFilterChain.doFilter(ApplicationFilterChain.java:166)
	at org.apache.tomcat.websocket.server.WsFilter.doFilter(WsFilter.java:53)
	at org.apache.catalina.core.ApplicationFilterChain.internalDoFilter(ApplicationFilterChain.java:193)
	at org.apache.catalina.core.ApplicationFilterChain.doFilter(ApplicationFilterChain.java:166)
	at org.springframework.boot.actuate.web.trace.servlet.HttpTraceFilter.doFilterInternal(HttpTraceFilter.java:88)
	at org.springframework.web.filter.OncePerRequestFilter.doFilter(OncePerRequestFilter.java:119)
	at org.apache.catalina.core.ApplicationFilterChain.internalDoFilter(ApplicationFilterChain.java:193)
	at org.apache.catalina.core.ApplicationFilterChain.doFilter(ApplicationFilterChain.java:166)
	at org.grails.web.servlet.mvc.GrailsWebRequestFilter.doFilterInternal(GrailsWebRequestFilter.java:77)
	at org.springframework.web.filter.OncePerRequestFilter.doFilter(OncePerRequestFilter.java:119)
	at org.apache.catalina.core.ApplicationFilterChain.internalDoFilter(ApplicationFilterChain.java:193)
	at org.apache.catalina.core.ApplicationFilterChain.doFilter(ApplicationFilterChain.java:166)
	at org.grails.web.filters.HiddenHttpMethodFilter.doFilterInternal(HiddenHttpMethodFilter.java:67)
	at org.springframework.web.filter.OncePerRequestFilter.doFilter(OncePerRequestFilter.java:119)
	at org.apache.catalina.core.ApplicationFilterChain.internalDoFilter(ApplicationFilterChain.java:193)
	at org.apache.catalina.core.ApplicationFilterChain.doFilter(ApplicationFilterChain.java:166)
	at org.springframework.web.filter.CharacterEncodingFilter.doFilterInternal(CharacterEncodingFilter.java:201)
	at org.springframework.web.filter.OncePerRequestFilter.doFilter(OncePerRequestFilter.java:119)
	at org.apache.catalina.core.ApplicationFilterChain.internalDoFilter(ApplicationFilterChain.java:193)
	at org.apache.catalina.core.ApplicationFilterChain.doFilter(ApplicationFilterChain.java:166)
	at org.springframework.boot.actuate.metrics.web.servlet.WebMvcMetricsFilter.filterAndRecordMetrics(WebMvcMetricsFilter.java:114)
	at org.springframework.boot.actuate.metrics.web.servlet.WebMvcMetricsFilter.doFilterInternal(WebMvcMetricsFilter.java:104)
	at org.springframework.web.filter.OncePerRequestFilter.doFilter(OncePerRequestFilter.java:119)
	at org.apache.catalina.core.ApplicationFilterChain.internalDoFilter(ApplicationFilterChain.java:193)
	at org.apache.catalina.core.ApplicationFilterChain.doFilter(ApplicationFilterChain.java:166)
	at org.springframework.web.filter.CorsFilter.doFilterInternal(CorsFilter.java:97)
	at org.springframework.web.filter.OncePerRequestFilter.doFilter(OncePerRequestFilter.java:119)
	at org.apache.catalina.core.ApplicationFilterChain.internalDoFilter(ApplicationFilterChain.java:193)
	at org.apache.catalina.core.ApplicationFilterChain.doFilter(ApplicationFilterChain.java:166)
	at org.apache.catalina.core.StandardWrapperValve.invoke(StandardWrapperValve.java:202)
	at org.apache.catalina.core.StandardContextValve.invoke(StandardContextValve.java:97)
	at org.apache.catalina.authenticator.AuthenticatorBase.invoke(AuthenticatorBase.java:542)
	at org.apache.catalina.core.StandardHostValve.invoke(StandardHostValve.java:143)
	at org.apache.catalina.valves.ErrorReportValve.invoke(ErrorReportValve.java:92)
	at org.apache.catalina.core.StandardEngineValve.invoke(StandardEngineValve.java:78)
	at org.apache.catalina.connector.CoyoteAdapter.service(CoyoteAdapter.java:343)
	at org.apache.coyote.http11.Http11Processor.service(Http11Processor.java:374)
	at org.apache.coyote.AbstractProcessorLight.process(AbstractProcessorLight.java:65)
	at org.apache.coyote.AbstractProtocol$ConnectionHandler.process(AbstractProtocol.java:868)
	at org.apache.tomcat.util.net.NioEndpoint$SocketProcessor.doRun(NioEndpoint.java:1590)
	at org.apache.tomcat.util.net.SocketProcessorBase.run(SocketProcessorBase.java:49)
	at java.util.concurrent.ThreadPoolExecutor.runWorker(ThreadPoolExecutor.java:1149)
	at java.util.concurrent.ThreadPoolExecutor$Worker.run(ThreadPoolExecutor.java:624)
	at org.apache.tomcat.util.threads.TaskThread$WrappingRunnable.run(TaskThread.java:61)
	at java.lang.Thread.run(Thread.java:750)
ERROR StackTrace - Full Stack Trace:
org.grails.taglib.GrailsTagException: [views/index.gsp:88] Grails tag [asset:javascript] was not closed
	at org.grails.gsp.compiler.GroovyPageParser.endTag(GroovyPageParser.java:1026)
	at org.grails.gsp.compiler.GroovyPageParser.page(GroovyPageParser.java:868)
	at org.grails.gsp.compiler.GroovyPageParser.generateGsp(GroovyPageParser.java:410)
	at org.grails.gsp.compiler.GroovyPageParser.parse(GroovyPageParser.java:376)
	at org.grails.gsp.GroovyPagesTemplateEngine.buildPageMetaInfo(GroovyPagesTemplateEngine.java:542)
	at org.grails.gsp.GroovyPagesTemplateEngine.buildPageMetaInfo(GroovyPagesTemplateEngine.java:446)
	at org.grails.gsp.GroovyPagesTemplateEngine$GroovyPagesTemplateEngineCacheEntry.updateValue(GroovyPagesTemplateEngine.java:136)
	at org.grails.gsp.GroovyPagesTemplateEngine$GroovyPagesTemplateEngineCacheEntry.updateValue(GroovyPagesTemplateEngine.java:115)
	at grails.util.CacheEntry.getValue(CacheEntry.java:152)
	at grails.util.CacheEntry.getValue(CacheEntry.java:88)
	at org.grails.gsp.GroovyPagesTemplateEngine.createTemplate(GroovyPagesTemplateEngine.java:282)
	at org.grails.gsp.GroovyPagesTemplateEngine.createTemplate(GroovyPagesTemplateEngine.java:272)
	at org.grails.gsp.GroovyPagesTemplateEngine.createTemplate(GroovyPagesTemplateEngine.java:374)
	at org.grails.web.servlet.view.GroovyPageView.initTemplate(GroovyPageView.java:178)
	at org.grails.web.servlet.view.GroovyPageView.afterPropertiesSet(GroovyPageView.java:167)
	at org.grails.web.servlet.view.GroovyPageViewResolver.createGroovyPageView(GroovyPageViewResolver.java:223)
	at org.grails.web.servlet.view.GroovyPageViewResolver.createGrailsView(GroovyPageViewResolver.java:205)
	at org.grails.web.servlet.view.GroovyPageViewResolver.loadView(GroovyPageViewResolver.java:93)
	at grails.plugin.scaffolding.ScaffoldingViewResolver.loadView(ScaffoldingViewResolver.groovy:45)
	at org.springframework.web.servlet.view.AbstractCachingViewResolver.createView(AbstractCachingViewResolver.java:251)
	at org.springframework.web.servlet.view.UrlBasedViewResolver.createView(UrlBasedViewResolver.java:494)
	at org.springframework.web.servlet.view.AbstractCachingViewResolver.resolveViewName(AbstractCachingViewResolver.java:150)
	at org.grails.web.servlet.view.GrailsLayoutViewResolver.resolveViewName(GrailsLayoutViewResolver.java:57)
	at org.springframework.web.servlet.DispatcherServlet.resolveViewName(DispatcherServlet.java:1413)
	at org.springframework.web.servlet.DispatcherServlet.render(DispatcherServlet.java:1349)
	at org.springframework.web.servlet.DispatcherServlet.processDispatchResult(DispatcherServlet.java:1118)
	at org.springframework.web.servlet.DispatcherServlet.doDispatch(DispatcherServlet.java:1057)
	at org.springframework.web.servlet.DispatcherServlet.doService(DispatcherServlet.java:943)
	at org.springframework.web.servlet.FrameworkServlet.processRequest(FrameworkServlet.java:1006)
	at org.springframework.web.servlet.FrameworkServlet.doGet(FrameworkServlet.java:898)
	at org.springframework.web.servlet.FrameworkServlet.service(FrameworkServlet.java:883)
	at org.grails.web.servlet.mvc.GrailsWebRequestFilter.doFilterInternal(GrailsWebRequestFilter.java:77)
	at org.grails.web.filters.HiddenHttpMethodFilter.doFilterInternal(HiddenHttpMethodFilter.java:67)
	at java.util.concurrent.ThreadPoolExecutor.runWorker(ThreadPoolExecutor.java:1149)
	at java.util.concurrent.ThreadPoolExecutor$Worker.run(ThreadPoolExecutor.java:624)
	at java.lang.Thread.run(Thread.java:750)
ERROR StackTrace - Full Stack Trace:
org.grails.taglib.GrailsTagException: [views/index.gsp:88] Grails tag [asset:javascript] was not closed
	at org.grails.gsp.compiler.GroovyPageParser.endTag(GroovyPageParser.java:1026)
	at org.grails.gsp.compiler.GroovyPageParser.page(GroovyPageParser.java:868)
	at org.grails.gsp.compiler.GroovyPageParser.generateGsp(GroovyPageParser.java:410)
	at org.grails.gsp.compiler.GroovyPageParser.parse(GroovyPageParser.java:376)
	at org.grails.gsp.GroovyPagesTemplateEngine.buildPageMetaInfo(GroovyPagesTemplateEngine.java:542)
	at org.grails.gsp.GroovyPagesTemplateEngine.buildPageMetaInfo(GroovyPagesTemplateEngine.java:446)
	at org.grails.gsp.GroovyPagesTemplateEngine$GroovyPagesTemplateEngineCacheEntry.updateValue(GroovyPagesTemplateEngine.java:136)
	at org.grails.gsp.GroovyPagesTemplateEngine$GroovyPagesTemplateEngineCacheEntry.updateValue(GroovyPagesTemplateEngine.java:115)
	at grails.util.CacheEntry.getValue(CacheEntry.java:152)
	at grails.util.CacheEntry.getValue(CacheEntry.java:88)
	at org.grails.gsp.GroovyPagesTemplateEngine.createTemplate(GroovyPagesTemplateEngine.java:282)
	at org.grails.gsp.GroovyPagesTemplateEngine.createTemplate(GroovyPagesTemplateEngine.java:272)
	at org.grails.gsp.GroovyPagesTemplateEngine.createTemplate(GroovyPagesTemplateEngine.java:374)
	at org.grails.web.servlet.view.GroovyPageView.initTemplate(GroovyPageView.java:178)
	at org.grails.web.servlet.view.GroovyPageView.afterPropertiesSet(GroovyPageView.java:167)
	at org.grails.web.servlet.view.GroovyPageViewResolver.createGroovyPageView(GroovyPageViewResolver.java:223)
	at org.grails.web.servlet.view.GroovyPageViewResolver.createGrailsView(GroovyPageViewResolver.java:205)
	at org.grails.web.servlet.view.GroovyPageViewResolver.loadView(GroovyPageViewResolver.java:93)
	at grails.plugin.scaffolding.ScaffoldingViewResolver.loadView(ScaffoldingViewResolver.groovy:45)
	at org.springframework.web.servlet.view.AbstractCachingViewResolver.createView(AbstractCachingViewResolver.java:251)
	at org.springframework.web.servlet.view.UrlBasedViewResolver.createView(UrlBasedViewResolver.java:494)
	at org.springframework.web.servlet.view.AbstractCachingViewResolver.resolveViewName(AbstractCachingViewResolver.java:150)
	at org.grails.web.servlet.view.GrailsLayoutViewResolver.resolveViewName(GrailsLayoutViewResolver.java:57)
	at org.springframework.web.servlet.DispatcherServlet.resolveViewName(DispatcherServlet.java:1413)
	at org.springframework.web.servlet.DispatcherServlet.render(DispatcherServlet.java:1349)
	at org.springframework.web.servlet.DispatcherServlet.processDispatchResult(DispatcherServlet.java:1118)
	at org.springframework.web.servlet.DispatcherServlet.doDispatch(DispatcherServlet.java:1057)
	at org.springframework.web.servlet.DispatcherServlet.doService(DispatcherServlet.java:943)
	at org.springframework.web.servlet.FrameworkServlet.processRequest(FrameworkServlet.java:1006)
	at org.springframework.web.servlet.FrameworkServlet.doGet(FrameworkServlet.java:898)
	at javax.servlet.http.HttpServlet.service(HttpServlet.java:626)
	at org.springframework.web.servlet.FrameworkServlet.service(FrameworkServlet.java:883)
	at javax.servlet.http.HttpServlet.service(HttpServlet.java:733)
	at org.apache.catalina.core.ApplicationFilterChain.internalDoFilter(ApplicationFilterChain.java:231)
	at org.apache.catalina.core.ApplicationFilterChain.doFilter(ApplicationFilterChain.java:166)
	at org.apache.tomcat.websocket.server.WsFilter.doFilter(WsFilter.java:53)
	at org.apache.catalina.core.ApplicationFilterChain.internalDoFilter(ApplicationFilterChain.java:193)
	at org.apache.catalina.core.ApplicationFilterChain.doFilter(ApplicationFilterChain.java:166)
	at org.springframework.boot.actuate.web.trace.servlet.HttpTraceFilter.doFilterInternal(HttpTraceFilter.java:88)
	at org.springframework.web.filter.OncePerRequestFilter.doFilter(OncePerRequestFilter.java:119)
	at org.apache.catalina.core.ApplicationFilterChain.internalDoFilter(ApplicationFilterChain.java:193)
	at org.apache.catalina.core.ApplicationFilterChain.doFilter(ApplicationFilterChain.java:166)
	at org.grails.web.servlet.mvc.GrailsWebRequestFilter.doFilterInternal(GrailsWebRequestFilter.java:77)
	at org.springframework.web.filter.OncePerRequestFilter.doFilter(OncePerRequestFilter.java:119)
	at org.apache.catalina.core.ApplicationFilterChain.internalDoFilter(ApplicationFilterChain.java:193)
	at org.apache.catalina.core.ApplicationFilterChain.doFilter(ApplicationFilterChain.java:166)
	at org.grails.web.filters.HiddenHttpMethodFilter.doFilterInternal(HiddenHttpMethodFilter.java:67)
	at org.springframework.web.filter.OncePerRequestFilter.doFilter(OncePerRequestFilter.java:119)
	at org.apache.catalina.core.ApplicationFilterChain.internalDoFilter(ApplicationFilterChain.java:193)
	at org.apache.catalina.core.ApplicationFilterChain.doFilter(ApplicationFilterChain.java:166)
	at org.springframework.web.filter.CharacterEncodingFilter.doFilterInternal(CharacterEncodingFilter.java:201)
	at org.springframework.web.filter.OncePerRequestFilter.doFilter(OncePerRequestFilter.java:119)
	at org.apache.catalina.core.ApplicationFilterChain.internalDoFilter(ApplicationFilterChain.java:193)
	at org.apache.catalina.core.ApplicationFilterChain.doFilter(ApplicationFilterChain.java:166)
	at org.springframework.boot.actuate.metrics.web.servlet.WebMvcMetricsFilter.filterAndRecordMetrics(WebMvcMetricsFilter.java:114)
	at org.springframework.boot.actuate.metrics.web.servlet.WebMvcMetricsFilter.doFilterInternal(WebMvcMetricsFilter.java:104)
	at org.springframework.web.filter.OncePerRequestFilter.doFilter(OncePerRequestFilter.java:119)
	at org.apache.catalina.core.ApplicationFilterChain.internalDoFilter(ApplicationFilterChain.java:193)
	at org.apache.catalina.core.ApplicationFilterChain.doFilter(ApplicationFilterChain.java:166)
	at org.springframework.web.filter.CorsFilter.doFilterInternal(CorsFilter.java:97)
	at org.springframework.web.filter.OncePerRequestFilter.doFilter(OncePerRequestFilter.java:119)
	at org.apache.catalina.core.ApplicationFilterChain.internalDoFilter(ApplicationFilterChain.java:193)
	at org.apache.catalina.core.ApplicationFilterChain.doFilter(ApplicationFilterChain.java:166)
	at org.apache.catalina.core.StandardWrapperValve.invoke(StandardWrapperValve.java:202)
	at org.apache.catalina.core.StandardContextValve.invoke(StandardContextValve.java:97)
	at org.apache.catalina.authenticator.AuthenticatorBase.invoke(AuthenticatorBase.java:542)
	at org.apache.catalina.core.StandardHostValve.invoke(StandardHostValve.java:143)
	at org.apache.catalina.valves.ErrorReportValve.invoke(ErrorReportValve.java:92)
	at org.apache.catalina.core.StandardEngineValve.invoke(StandardEngineValve.java:78)
	at org.apache.catalina.connector.CoyoteAdapter.service(CoyoteAdapter.java:343)
	at org.apache.coyote.http11.Http11Processor.service(Http11Processor.java:374)
	at org.apache.coyote.AbstractProcessorLight.process(AbstractProcessorLight.java:65)
	at org.apache.coyote.AbstractProtocol$ConnectionHandler.process(AbstractProtocol.java:868)
	at org.apache.tomcat.util.net.NioEndpoint$SocketProcessor.doRun(NioEndpoint.java:1590)
	at org.apache.tomcat.util.net.SocketProcessorBase.run(SocketProcessorBase.java:49)
	at java.util.concurrent.ThreadPoolExecutor.runWorker(ThreadPoolExecutor.java:1149)
	at java.util.concurrent.ThreadPoolExecutor$Worker.run(ThreadPoolExecutor.java:624)
	at org.apache.tomcat.util.threads.TaskThread$WrappingRunnable.run(TaskThread.java:61)
	at java.lang.Thread.run(Thread.java:750)
ERROR StackTrace - Full Stack Trace:
org.grails.taglib.GrailsTagException: [views/index.gsp:88] Grails tag [asset:javascript] was not closed
	at org.grails.gsp.compiler.GroovyPageParser.endTag(GroovyPageParser.java:1026)
	at org.grails.gsp.compiler.GroovyPageParser.page(GroovyPageParser.java:868)
	at org.grails.gsp.compiler.GroovyPageParser.generateGsp(GroovyPageParser.java:410)
	at org.grails.gsp.compiler.GroovyPageParser.parse(GroovyPageParser.java:376)
	at org.grails.gsp.GroovyPagesTemplateEngine.buildPageMetaInfo(GroovyPagesTemplateEngine.java:542)
	at org.grails.gsp.GroovyPagesTemplateEngine.buildPageMetaInfo(GroovyPagesTemplateEngine.java:446)
	at org.grails.gsp.GroovyPagesTemplateEngine$GroovyPagesTemplateEngineCacheEntry.updateValue(GroovyPagesTemplateEngine.java:136)
	at org.grails.gsp.GroovyPagesTemplateEngine$GroovyPagesTemplateEngineCacheEntry.updateValue(GroovyPagesTemplateEngine.java:115)
	at grails.util.CacheEntry.getValue(CacheEntry.java:152)
	at grails.util.CacheEntry.getValue(CacheEntry.java:88)
	at org.grails.gsp.GroovyPagesTemplateEngine.createTemplate(GroovyPagesTemplateEngine.java:282)
	at org.grails.gsp.GroovyPagesTemplateEngine.createTemplate(GroovyPagesTemplateEngine.java:272)
	at org.grails.gsp.GroovyPagesTemplateEngine.createTemplate(GroovyPagesTemplateEngine.java:374)
	at org.grails.web.servlet.view.GroovyPageView.initTemplate(GroovyPageView.java:178)
	at org.grails.web.servlet.view.GroovyPageView.afterPropertiesSet(GroovyPageView.java:167)
	at org.grails.web.servlet.view.GroovyPageViewResolver.createGroovyPageView(GroovyPageViewResolver.java:223)
	at org.grails.web.servlet.view.GroovyPageViewResolver.createGrailsView(GroovyPageViewResolver.java:205)
	at org.grails.web.servlet.view.GroovyPageViewResolver.loadView(GroovyPageViewResolver.java:93)
	at grails.plugin.scaffolding.ScaffoldingViewResolver.loadView(ScaffoldingViewResolver.groovy:45)
	at org.springframework.web.servlet.view.AbstractCachingViewResolver.createView(AbstractCachingViewResolver.java:251)
	at org.springframework.web.servlet.view.UrlBasedViewResolver.createView(UrlBasedViewResolver.java:494)
	at org.springframework.web.servlet.view.AbstractCachingViewResolver.resolveViewName(AbstractCachingViewResolver.java:150)
	at org.grails.web.servlet.view.GrailsLayoutViewResolver.resolveViewName(GrailsLayoutViewResolver.java:57)
	at org.springframework.web.servlet.DispatcherServlet.resolveViewName(DispatcherServlet.java:1413)
	at org.springframework.web.servlet.DispatcherServlet.render(DispatcherServlet.java:1349)
	at org.springframework.web.servlet.DispatcherServlet.processDispatchResult(DispatcherServlet.java:1118)
	at org.springframework.web.servlet.DispatcherServlet.doDispatch(DispatcherServlet.java:1057)
	at org.springframework.web.servlet.DispatcherServlet.doService(DispatcherServlet.java:943)
	at org.springframework.web.servlet.FrameworkServlet.processRequest(FrameworkServlet.java:1006)
	at org.springframework.web.servlet.FrameworkServlet.doGet(FrameworkServlet.java:898)
	at org.springframework.web.servlet.FrameworkServlet.service(FrameworkServlet.java:883)
	at org.grails.web.servlet.mvc.GrailsWebRequestFilter.doFilterInternal(GrailsWebRequestFilter.java:77)
	at org.grails.web.filters.HiddenHttpMethodFilter.doFilterInternal(HiddenHttpMethodFilter.java:67)
	at java.util.concurrent.ThreadPoolExecutor.runWorker(ThreadPoolExecutor.java:1149)
	at java.util.concurrent.ThreadPoolExecutor$Worker.run(ThreadPoolExecutor.java:624)
	at java.lang.Thread.run(Thread.java:750)
ERROR StackTrace - Full Stack Trace:
org.grails.taglib.GrailsTagException: [views/index.gsp:88] Grails tag [asset:javascript] was not closed
	at org.grails.gsp.compiler.GroovyPageParser.endTag(GroovyPageParser.java:1026)
	at org.grails.gsp.compiler.GroovyPageParser.page(GroovyPageParser.java:868)
	at org.grails.gsp.compiler.GroovyPageParser.generateGsp(GroovyPageParser.java:410)
	at org.grails.gsp.compiler.GroovyPageParser.parse(GroovyPageParser.java:376)
	at org.grails.gsp.GroovyPagesTemplateEngine.buildPageMetaInfo(GroovyPagesTemplateEngine.java:542)
	at org.grails.gsp.GroovyPagesTemplateEngine.buildPageMetaInfo(GroovyPagesTemplateEngine.java:446)
	at org.grails.gsp.GroovyPagesTemplateEngine$GroovyPagesTemplateEngineCacheEntry.updateValue(GroovyPagesTemplateEngine.java:136)
	at org.grails.gsp.GroovyPagesTemplateEngine$GroovyPagesTemplateEngineCacheEntry.updateValue(GroovyPagesTemplateEngine.java:115)
	at grails.util.CacheEntry.getValue(CacheEntry.java:152)
	at grails.util.CacheEntry.getValue(CacheEntry.java:88)
	at org.grails.gsp.GroovyPagesTemplateEngine.createTemplate(GroovyPagesTemplateEngine.java:282)
	at org.grails.gsp.GroovyPagesTemplateEngine.createTemplate(GroovyPagesTemplateEngine.java:272)
	at org.grails.gsp.GroovyPagesTemplateEngine.createTemplate(GroovyPagesTemplateEngine.java:374)
	at org.grails.web.servlet.view.GroovyPageView.initTemplate(GroovyPageView.java:178)
	at org.grails.web.servlet.view.GroovyPageView.afterPropertiesSet(GroovyPageView.java:167)
	at org.grails.web.servlet.view.GroovyPageViewResolver.createGroovyPageView(GroovyPageViewResolver.java:223)
	at org.grails.web.servlet.view.GroovyPageViewResolver.createGrailsView(GroovyPageViewResolver.java:205)
	at org.grails.web.servlet.view.GroovyPageViewResolver.loadView(GroovyPageViewResolver.java:93)
	at grails.plugin.scaffolding.ScaffoldingViewResolver.loadView(ScaffoldingViewResolver.groovy:45)
	at org.springframework.web.servlet.view.AbstractCachingViewResolver.createView(AbstractCachingViewResolver.java:251)
	at org.springframework.web.servlet.view.UrlBasedViewResolver.createView(UrlBasedViewResolver.java:494)
	at org.springframework.web.servlet.view.AbstractCachingViewResolver.resolveViewName(AbstractCachingViewResolver.java:150)
	at org.grails.web.servlet.view.GrailsLayoutViewResolver.resolveViewName(GrailsLayoutViewResolver.java:57)
	at org.springframework.web.servlet.DispatcherServlet.resolveViewName(DispatcherServlet.java:1413)
	at org.springframework.web.servlet.DispatcherServlet.render(DispatcherServlet.java:1349)
	at org.springframework.web.servlet.DispatcherServlet.processDispatchResult(DispatcherServlet.java:1118)
	at org.springframework.web.servlet.DispatcherServlet.doDispatch(DispatcherServlet.java:1057)
	at org.springframework.web.servlet.DispatcherServlet.doService(DispatcherServlet.java:943)
	at org.springframework.web.servlet.FrameworkServlet.processRequest(FrameworkServlet.java:1006)
	at org.springframework.web.servlet.FrameworkServlet.doGet(FrameworkServlet.java:898)
	at javax.servlet.http.HttpServlet.service(HttpServlet.java:626)
	at org.springframework.web.servlet.FrameworkServlet.service(FrameworkServlet.java:883)
	at javax.servlet.http.HttpServlet.service(HttpServlet.java:733)
	at org.apache.catalina.core.ApplicationFilterChain.internalDoFilter(ApplicationFilterChain.java:231)
	at org.apache.catalina.core.ApplicationFilterChain.doFilter(ApplicationFilterChain.java:166)
	at org.apache.tomcat.websocket.server.WsFilter.doFilter(WsFilter.java:53)
	at org.apache.catalina.core.ApplicationFilterChain.internalDoFilter(ApplicationFilterChain.java:193)
	at org.apache.catalina.core.ApplicationFilterChain.doFilter(ApplicationFilterChain.java:166)
	at org.springframework.boot.actuate.web.trace.servlet.HttpTraceFilter.doFilterInternal(HttpTraceFilter.java:88)
	at org.springframework.web.filter.OncePerRequestFilter.doFilter(OncePerRequestFilter.java:119)
	at org.apache.catalina.core.ApplicationFilterChain.internalDoFilter(ApplicationFilterChain.java:193)
	at org.apache.catalina.core.ApplicationFilterChain.doFilter(ApplicationFilterChain.java:166)
	at org.grails.web.servlet.mvc.GrailsWebRequestFilter.doFilterInternal(GrailsWebRequestFilter.java:77)
	at org.springframework.web.filter.OncePerRequestFilter.doFilter(OncePerRequestFilter.java:119)
	at org.apache.catalina.core.ApplicationFilterChain.internalDoFilter(ApplicationFilterChain.java:193)
	at org.apache.catalina.core.ApplicationFilterChain.doFilter(ApplicationFilterChain.java:166)
	at org.grails.web.filters.HiddenHttpMethodFilter.doFilterInternal(HiddenHttpMethodFilter.java:67)
	at org.springframework.web.filter.OncePerRequestFilter.doFilter(OncePerRequestFilter.java:119)
	at org.apache.catalina.core.ApplicationFilterChain.internalDoFilter(ApplicationFilterChain.java:193)
	at org.apache.catalina.core.ApplicationFilterChain.doFilter(ApplicationFilterChain.java:166)
	at org.springframework.web.filter.CharacterEncodingFilter.doFilterInternal(CharacterEncodingFilter.java:201)
	at org.springframework.web.filter.OncePerRequestFilter.doFilter(OncePerRequestFilter.java:119)
	at org.apache.catalina.core.ApplicationFilterChain.internalDoFilter(ApplicationFilterChain.java:193)
	at org.apache.catalina.core.ApplicationFilterChain.doFilter(ApplicationFilterChain.java:166)
	at org.springframework.boot.actuate.metrics.web.servlet.WebMvcMetricsFilter.filterAndRecordMetrics(WebMvcMetricsFilter.java:114)
	at org.springframework.boot.actuate.metrics.web.servlet.WebMvcMetricsFilter.doFilterInternal(WebMvcMetricsFilter.java:104)
	at org.springframework.web.filter.OncePerRequestFilter.doFilter(OncePerRequestFilter.java:119)
	at org.apache.catalina.core.ApplicationFilterChain.internalDoFilter(ApplicationFilterChain.java:193)
	at org.apache.catalina.core.ApplicationFilterChain.doFilter(ApplicationFilterChain.java:166)
	at org.springframework.web.filter.CorsFilter.doFilterInternal(CorsFilter.java:97)
	at org.springframework.web.filter.OncePerRequestFilter.doFilter(OncePerRequestFilter.java:119)
	at org.apache.catalina.core.ApplicationFilterChain.internalDoFilter(ApplicationFilterChain.java:193)
	at org.apache.catalina.core.ApplicationFilterChain.doFilter(ApplicationFilterChain.java:166)
	at org.apache.catalina.core.StandardWrapperValve.invoke(StandardWrapperValve.java:202)
	at org.apache.catalina.core.StandardContextValve.invoke(StandardContextValve.java:97)
	at org.apache.catalina.authenticator.AuthenticatorBase.invoke(AuthenticatorBase.java:542)
	at org.apache.catalina.core.StandardHostValve.invoke(StandardHostValve.java:143)
	at org.apache.catalina.valves.ErrorReportValve.invoke(ErrorReportValve.java:92)
	at org.apache.catalina.core.StandardEngineValve.invoke(StandardEngineValve.java:78)
	at org.apache.catalina.connector.CoyoteAdapter.service(CoyoteAdapter.java:343)
	at org.apache.coyote.http11.Http11Processor.service(Http11Processor.java:374)
	at org.apache.coyote.AbstractProcessorLight.process(AbstractProcessorLight.java:65)
	at org.apache.coyote.AbstractProtocol$ConnectionHandler.process(AbstractProtocol.java:868)
	at org.apache.tomcat.util.net.NioEndpoint$SocketProcessor.doRun(NioEndpoint.java:1590)
	at org.apache.tomcat.util.net.SocketProcessorBase.run(SocketProcessorBase.java:49)
	at java.util.concurrent.ThreadPoolExecutor.runWorker(ThreadPoolExecutor.java:1149)
	at java.util.concurrent.ThreadPoolExecutor$Worker.run(ThreadPoolExecutor.java:624)
	at org.apache.tomcat.util.threads.TaskThread$WrappingRunnable.run(TaskThread.java:61)
	at java.lang.Thread.run(Thread.java:750)
ERROR StackTrace - Full Stack Trace:
org.grails.taglib.GrailsTagException: [views/index.gsp:88] Grails tag [asset:javascript] was not closed
	at org.grails.gsp.compiler.GroovyPageParser.endTag(GroovyPageParser.java:1026)
	at org.grails.gsp.compiler.GroovyPageParser.page(GroovyPageParser.java:868)
	at org.grails.gsp.compiler.GroovyPageParser.generateGsp(GroovyPageParser.java:410)
	at org.grails.gsp.compiler.GroovyPageParser.parse(GroovyPageParser.java:376)
	at org.grails.gsp.GroovyPagesTemplateEngine.buildPageMetaInfo(GroovyPagesTemplateEngine.java:542)
	at org.grails.gsp.GroovyPagesTemplateEngine.buildPageMetaInfo(GroovyPagesTemplateEngine.java:446)
	at org.grails.gsp.GroovyPagesTemplateEngine$GroovyPagesTemplateEngineCacheEntry.updateValue(GroovyPagesTemplateEngine.java:136)
	at org.grails.gsp.GroovyPagesTemplateEngine$GroovyPagesTemplateEngineCacheEntry.updateValue(GroovyPagesTemplateEngine.java:115)
	at grails.util.CacheEntry.getValue(CacheEntry.java:152)
	at grails.util.CacheEntry.getValue(CacheEntry.java:88)
	at org.grails.gsp.GroovyPagesTemplateEngine.createTemplate(GroovyPagesTemplateEngine.java:282)
	at org.grails.gsp.GroovyPagesTemplateEngine.createTemplate(GroovyPagesTemplateEngine.java:272)
	at org.grails.gsp.GroovyPagesTemplateEngine.createTemplate(GroovyPagesTemplateEngine.java:374)
	at org.grails.web.servlet.view.GroovyPageView.initTemplate(GroovyPageView.java:178)
	at org.grails.web.servlet.view.GroovyPageView.afterPropertiesSet(GroovyPageView.java:167)
	at org.grails.web.servlet.view.GroovyPageViewResolver.createGroovyPageView(GroovyPageViewResolver.java:223)
	at org.grails.web.servlet.view.GroovyPageViewResolver.createGrailsView(GroovyPageViewResolver.java:205)
	at org.grails.web.servlet.view.GroovyPageViewResolver.loadView(GroovyPageViewResolver.java:93)
	at grails.plugin.scaffolding.ScaffoldingViewResolver.loadView(ScaffoldingViewResolver.groovy:45)
	at org.springframework.web.servlet.view.AbstractCachingViewResolver.createView(AbstractCachingViewResolver.java:251)
	at org.springframework.web.servlet.view.UrlBasedViewResolver.createView(UrlBasedViewResolver.java:494)
	at org.springframework.web.servlet.view.AbstractCachingViewResolver.resolveViewName(AbstractCachingViewResolver.java:150)
	at org.grails.web.servlet.view.GrailsLayoutViewResolver.resolveViewName(GrailsLayoutViewResolver.java:57)
	at org.springframework.web.servlet.DispatcherServlet.resolveViewName(DispatcherServlet.java:1413)
	at org.springframework.web.servlet.DispatcherServlet.render(DispatcherServlet.java:1349)
	at org.springframework.web.servlet.DispatcherServlet.processDispatchResult(DispatcherServlet.java:1118)
	at org.springframework.web.servlet.DispatcherServlet.doDispatch(DispatcherServlet.java:1057)
	at org.springframework.web.servlet.DispatcherServlet.doService(DispatcherServlet.java:943)
	at org.springframework.web.servlet.FrameworkServlet.processRequest(FrameworkServlet.java:1006)
	at org.springframework.web.servlet.FrameworkServlet.doGet(FrameworkServlet.java:898)
	at org.springframework.web.servlet.FrameworkServlet.service(FrameworkServlet.java:883)
	at org.grails.web.servlet.mvc.GrailsWebRequestFilter.doFilterInternal(GrailsWebRequestFilter.java:77)
	at org.grails.web.filters.HiddenHttpMethodFilter.doFilterInternal(HiddenHttpMethodFilter.java:67)
	at java.util.concurrent.ThreadPoolExecutor.runWorker(ThreadPoolExecutor.java:1149)
	at java.util.concurrent.ThreadPoolExecutor$Worker.run(ThreadPoolExecutor.java:624)
	at java.lang.Thread.run(Thread.java:750)
ERROR StackTrace - Full Stack Trace:
org.grails.taglib.GrailsTagException: [views/index.gsp:88] Grails tag [asset:javascript] was not closed
	at org.grails.gsp.compiler.GroovyPageParser.endTag(GroovyPageParser.java:1026)
	at org.grails.gsp.compiler.GroovyPageParser.page(GroovyPageParser.java:868)
	at org.grails.gsp.compiler.GroovyPageParser.generateGsp(GroovyPageParser.java:410)
	at org.grails.gsp.compiler.GroovyPageParser.parse(GroovyPageParser.java:376)
	at org.grails.gsp.GroovyPagesTemplateEngine.buildPageMetaInfo(GroovyPagesTemplateEngine.java:542)
	at org.grails.gsp.GroovyPagesTemplateEngine.buildPageMetaInfo(GroovyPagesTemplateEngine.java:446)
	at org.grails.gsp.GroovyPagesTemplateEngine$GroovyPagesTemplateEngineCacheEntry.updateValue(GroovyPagesTemplateEngine.java:136)
	at org.grails.gsp.GroovyPagesTemplateEngine$GroovyPagesTemplateEngineCacheEntry.updateValue(GroovyPagesTemplateEngine.java:115)
	at grails.util.CacheEntry.getValue(CacheEntry.java:152)
	at grails.util.CacheEntry.getValue(CacheEntry.java:88)
	at org.grails.gsp.GroovyPagesTemplateEngine.createTemplate(GroovyPagesTemplateEngine.java:282)
	at org.grails.gsp.GroovyPagesTemplateEngine.createTemplate(GroovyPagesTemplateEngine.java:272)
	at org.grails.gsp.GroovyPagesTemplateEngine.createTemplate(GroovyPagesTemplateEngine.java:374)
	at org.grails.web.servlet.view.GroovyPageView.initTemplate(GroovyPageView.java:178)
	at org.grails.web.servlet.view.GroovyPageView.afterPropertiesSet(GroovyPageView.java:167)
	at org.grails.web.servlet.view.GroovyPageViewResolver.createGroovyPageView(GroovyPageViewResolver.java:223)
	at org.grails.web.servlet.view.GroovyPageViewResolver.createGrailsView(GroovyPageViewResolver.java:205)
	at org.grails.web.servlet.view.GroovyPageViewResolver.loadView(GroovyPageViewResolver.java:93)
	at grails.plugin.scaffolding.ScaffoldingViewResolver.loadView(ScaffoldingViewResolver.groovy:45)
	at org.springframework.web.servlet.view.AbstractCachingViewResolver.createView(AbstractCachingViewResolver.java:251)
	at org.springframework.web.servlet.view.UrlBasedViewResolver.createView(UrlBasedViewResolver.java:494)
	at org.springframework.web.servlet.view.AbstractCachingViewResolver.resolveViewName(AbstractCachingViewResolver.java:150)
	at org.grails.web.servlet.view.GrailsLayoutViewResolver.resolveViewName(GrailsLayoutViewResolver.java:57)
	at org.springframework.web.servlet.DispatcherServlet.resolveViewName(DispatcherServlet.java:1413)
	at org.springframework.web.servlet.DispatcherServlet.render(DispatcherServlet.java:1349)
	at org.springframework.web.servlet.DispatcherServlet.processDispatchResult(DispatcherServlet.java:1118)
	at org.springframework.web.servlet.DispatcherServlet.doDispatch(DispatcherServlet.java:1057)
	at org.springframework.web.servlet.DispatcherServlet.doService(DispatcherServlet.java:943)
	at org.springframework.web.servlet.FrameworkServlet.processRequest(FrameworkServlet.java:1006)
	at org.springframework.web.servlet.FrameworkServlet.doGet(FrameworkServlet.java:898)
	at javax.servlet.http.HttpServlet.service(HttpServlet.java:626)
	at org.springframework.web.servlet.FrameworkServlet.service(FrameworkServlet.java:883)
	at javax.servlet.http.HttpServlet.service(HttpServlet.java:733)
	at org.apache.catalina.core.ApplicationFilterChain.internalDoFilter(ApplicationFilterChain.java:231)
	at org.apache.catalina.core.ApplicationFilterChain.doFilter(ApplicationFilterChain.java:166)
	at org.apache.tomcat.websocket.server.WsFilter.doFilter(WsFilter.java:53)
	at org.apache.catalina.core.ApplicationFilterChain.internalDoFilter(ApplicationFilterChain.java:193)
	at org.apache.catalina.core.ApplicationFilterChain.doFilter(ApplicationFilterChain.java:166)
	at org.springframework.boot.actuate.web.trace.servlet.HttpTraceFilter.doFilterInternal(HttpTraceFilter.java:88)
	at org.springframework.web.filter.OncePerRequestFilter.doFilter(OncePerRequestFilter.java:119)
	at org.apache.catalina.core.ApplicationFilterChain.internalDoFilter(ApplicationFilterChain.java:193)
	at org.apache.catalina.core.ApplicationFilterChain.doFilter(ApplicationFilterChain.java:166)
	at org.grails.web.servlet.mvc.GrailsWebRequestFilter.doFilterInternal(GrailsWebRequestFilter.java:77)
	at org.springframework.web.filter.OncePerRequestFilter.doFilter(OncePerRequestFilter.java:119)
	at org.apache.catalina.core.ApplicationFilterChain.internalDoFilter(ApplicationFilterChain.java:193)
	at org.apache.catalina.core.ApplicationFilterChain.doFilter(ApplicationFilterChain.java:166)
	at org.grails.web.filters.HiddenHttpMethodFilter.doFilterInternal(HiddenHttpMethodFilter.java:67)
	at org.springframework.web.filter.OncePerRequestFilter.doFilter(OncePerRequestFilter.java:119)
	at org.apache.catalina.core.ApplicationFilterChain.internalDoFilter(ApplicationFilterChain.java:193)
	at org.apache.catalina.core.ApplicationFilterChain.doFilter(ApplicationFilterChain.java:166)
	at org.springframework.web.filter.CharacterEncodingFilter.doFilterInternal(CharacterEncodingFilter.java:201)
	at org.springframework.web.filter.OncePerRequestFilter.doFilter(OncePerRequestFilter.java:119)
	at org.apache.catalina.core.ApplicationFilterChain.internalDoFilter(ApplicationFilterChain.java:193)
	at org.apache.catalina.core.ApplicationFilterChain.doFilter(ApplicationFilterChain.java:166)
	at org.springframework.boot.actuate.metrics.web.servlet.WebMvcMetricsFilter.filterAndRecordMetrics(WebMvcMetricsFilter.java:114)
	at org.springframework.boot.actuate.metrics.web.servlet.WebMvcMetricsFilter.doFilterInternal(WebMvcMetricsFilter.java:104)
	at org.springframework.web.filter.OncePerRequestFilter.doFilter(OncePerRequestFilter.java:119)
	at org.apache.catalina.core.ApplicationFilterChain.internalDoFilter(ApplicationFilterChain.java:193)
	at org.apache.catalina.core.ApplicationFilterChain.doFilter(ApplicationFilterChain.java:166)
	at org.springframework.web.filter.CorsFilter.doFilterInternal(CorsFilter.java:97)
	at org.springframework.web.filter.OncePerRequestFilter.doFilter(OncePerRequestFilter.java:119)
	at org.apache.catalina.core.ApplicationFilterChain.internalDoFilter(ApplicationFilterChain.java:193)
	at org.apache.catalina.core.ApplicationFilterChain.doFilter(ApplicationFilterChain.java:166)
	at org.apache.catalina.core.StandardWrapperValve.invoke(StandardWrapperValve.java:202)
	at org.apache.catalina.core.StandardContextValve.invoke(StandardContextValve.java:97)
	at org.apache.catalina.authenticator.AuthenticatorBase.invoke(AuthenticatorBase.java:542)
	at org.apache.catalina.core.StandardHostValve.invoke(StandardHostValve.java:143)
	at org.apache.catalina.valves.ErrorReportValve.invoke(ErrorReportValve.java:92)
	at org.apache.catalina.core.StandardEngineValve.invoke(StandardEngineValve.java:78)
	at org.apache.catalina.connector.CoyoteAdapter.service(CoyoteAdapter.java:343)
	at org.apache.coyote.http11.Http11Processor.service(Http11Processor.java:374)
	at org.apache.coyote.AbstractProcessorLight.process(AbstractProcessorLight.java:65)
	at org.apache.coyote.AbstractProtocol$ConnectionHandler.process(AbstractProtocol.java:868)
	at org.apache.tomcat.util.net.NioEndpoint$SocketProcessor.doRun(NioEndpoint.java:1590)
	at org.apache.tomcat.util.net.SocketProcessorBase.run(SocketProcessorBase.java:49)
	at java.util.concurrent.ThreadPoolExecutor.runWorker(ThreadPoolExecutor.java:1149)
	at java.util.concurrent.ThreadPoolExecutor$Worker.run(ThreadPoolExecutor.java:624)
	at org.apache.tomcat.util.threads.TaskThread$WrappingRunnable.run(TaskThread.java:61)
	at java.lang.Thread.run(Thread.java:750)
ERROR StackTrace - Full Stack Trace:
org.grails.taglib.GrailsTagException: [views/index.gsp:88] Grails tag [asset:javascript] was not closed
	at org.grails.gsp.compiler.GroovyPageParser.endTag(GroovyPageParser.java:1026)
	at org.grails.gsp.compiler.GroovyPageParser.page(GroovyPageParser.java:868)
	at org.grails.gsp.compiler.GroovyPageParser.generateGsp(GroovyPageParser.java:410)
	at org.grails.gsp.compiler.GroovyPageParser.parse(GroovyPageParser.java:376)
	at org.grails.gsp.GroovyPagesTemplateEngine.buildPageMetaInfo(GroovyPagesTemplateEngine.java:542)
	at org.grails.gsp.GroovyPagesTemplateEngine.buildPageMetaInfo(GroovyPagesTemplateEngine.java:446)
	at org.grails.gsp.GroovyPagesTemplateEngine$GroovyPagesTemplateEngineCacheEntry.updateValue(GroovyPagesTemplateEngine.java:136)
	at org.grails.gsp.GroovyPagesTemplateEngine$GroovyPagesTemplateEngineCacheEntry.updateValue(GroovyPagesTemplateEngine.java:115)
	at grails.util.CacheEntry.getValue(CacheEntry.java:152)
	at grails.util.CacheEntry.getValue(CacheEntry.java:88)
	at org.grails.gsp.GroovyPagesTemplateEngine.createTemplate(GroovyPagesTemplateEngine.java:282)
	at org.grails.gsp.GroovyPagesTemplateEngine.createTemplate(GroovyPagesTemplateEngine.java:272)
	at org.grails.gsp.GroovyPagesTemplateEngine.createTemplate(GroovyPagesTemplateEngine.java:374)
	at org.grails.web.servlet.view.GroovyPageView.initTemplate(GroovyPageView.java:178)
	at org.grails.web.servlet.view.GroovyPageView.afterPropertiesSet(GroovyPageView.java:167)
	at org.grails.web.servlet.view.GroovyPageViewResolver.createGroovyPageView(GroovyPageViewResolver.java:223)
	at org.grails.web.servlet.view.GroovyPageViewResolver.createGrailsView(GroovyPageViewResolver.java:205)
	at org.grails.web.servlet.view.GroovyPageViewResolver.loadView(GroovyPageViewResolver.java:93)
	at grails.plugin.scaffolding.ScaffoldingViewResolver.loadView(ScaffoldingViewResolver.groovy:45)
	at org.springframework.web.servlet.view.AbstractCachingViewResolver.createView(AbstractCachingViewResolver.java:251)
	at org.springframework.web.servlet.view.UrlBasedViewResolver.createView(UrlBasedViewResolver.java:494)
	at org.springframework.web.servlet.view.AbstractCachingViewResolver.resolveViewName(AbstractCachingViewResolver.java:150)
	at org.grails.web.servlet.view.GrailsLayoutViewResolver.resolveViewName(GrailsLayoutViewResolver.java:57)
	at org.springframework.web.servlet.DispatcherServlet.resolveViewName(DispatcherServlet.java:1413)
	at org.springframework.web.servlet.DispatcherServlet.render(DispatcherServlet.java:1349)
	at org.springframework.web.servlet.DispatcherServlet.processDispatchResult(DispatcherServlet.java:1118)
	at org.springframework.web.servlet.DispatcherServlet.doDispatch(DispatcherServlet.java:1057)
	at org.springframework.web.servlet.DispatcherServlet.doService(DispatcherServlet.java:943)
	at org.springframework.web.servlet.FrameworkServlet.processRequest(FrameworkServlet.java:1006)
	at org.springframework.web.servlet.FrameworkServlet.doGet(FrameworkServlet.java:898)
	at org.springframework.web.servlet.FrameworkServlet.service(FrameworkServlet.java:883)
	at org.grails.web.servlet.mvc.GrailsWebRequestFilter.doFilterInternal(GrailsWebRequestFilter.java:77)
	at org.grails.web.filters.HiddenHttpMethodFilter.doFilterInternal(HiddenHttpMethodFilter.java:67)
	at java.util.concurrent.ThreadPoolExecutor.runWorker(ThreadPoolExecutor.java:1149)
	at java.util.concurrent.ThreadPoolExecutor$Worker.run(ThreadPoolExecutor.java:624)
	at java.lang.Thread.run(Thread.java:750)
ERROR StackTrace - Full Stack Trace:
org.grails.taglib.GrailsTagException: [views/index.gsp:88] Grails tag [asset:javascript] was not closed
	at org.grails.gsp.compiler.GroovyPageParser.endTag(GroovyPageParser.java:1026)
	at org.grails.gsp.compiler.GroovyPageParser.page(GroovyPageParser.java:868)
	at org.grails.gsp.compiler.GroovyPageParser.generateGsp(GroovyPageParser.java:410)
	at org.grails.gsp.compiler.GroovyPageParser.parse(GroovyPageParser.java:376)
	at org.grails.gsp.GroovyPagesTemplateEngine.buildPageMetaInfo(GroovyPagesTemplateEngine.java:542)
	at org.grails.gsp.GroovyPagesTemplateEngine.buildPageMetaInfo(GroovyPagesTemplateEngine.java:446)
	at org.grails.gsp.GroovyPagesTemplateEngine$GroovyPagesTemplateEngineCacheEntry.updateValue(GroovyPagesTemplateEngine.java:136)
	at org.grails.gsp.GroovyPagesTemplateEngine$GroovyPagesTemplateEngineCacheEntry.updateValue(GroovyPagesTemplateEngine.java:115)
	at grails.util.CacheEntry.getValue(CacheEntry.java:152)
	at grails.util.CacheEntry.getValue(CacheEntry.java:88)
	at org.grails.gsp.GroovyPagesTemplateEngine.createTemplate(GroovyPagesTemplateEngine.java:282)
	at org.grails.gsp.GroovyPagesTemplateEngine.createTemplate(GroovyPagesTemplateEngine.java:272)
	at org.grails.gsp.GroovyPagesTemplateEngine.createTemplate(GroovyPagesTemplateEngine.java:374)
	at org.grails.web.servlet.view.GroovyPageView.initTemplate(GroovyPageView.java:178)
	at org.grails.web.servlet.view.GroovyPageView.afterPropertiesSet(GroovyPageView.java:167)
	at org.grails.web.servlet.view.GroovyPageViewResolver.createGroovyPageView(GroovyPageViewResolver.java:223)
	at org.grails.web.servlet.view.GroovyPageViewResolver.createGrailsView(GroovyPageViewResolver.java:205)
	at org.grails.web.servlet.view.GroovyPageViewResolver.loadView(GroovyPageViewResolver.java:93)
	at grails.plugin.scaffolding.ScaffoldingViewResolver.loadView(ScaffoldingViewResolver.groovy:45)
	at org.springframework.web.servlet.view.AbstractCachingViewResolver.createView(AbstractCachingViewResolver.java:251)
	at org.springframework.web.servlet.view.UrlBasedViewResolver.createView(UrlBasedViewResolver.java:494)
	at org.springframework.web.servlet.view.AbstractCachingViewResolver.resolveViewName(AbstractCachingViewResolver.java:150)
	at org.grails.web.servlet.view.GrailsLayoutViewResolver.resolveViewName(GrailsLayoutViewResolver.java:57)
	at org.springframework.web.servlet.DispatcherServlet.resolveViewName(DispatcherServlet.java:1413)
	at org.springframework.web.servlet.DispatcherServlet.render(DispatcherServlet.java:1349)
	at org.springframework.web.servlet.DispatcherServlet.processDispatchResult(DispatcherServlet.java:1118)
	at org.springframework.web.servlet.DispatcherServlet.doDispatch(DispatcherServlet.java:1057)
	at org.springframework.web.servlet.DispatcherServlet.doService(DispatcherServlet.java:943)
	at org.springframework.web.servlet.FrameworkServlet.processRequest(FrameworkServlet.java:1006)
	at org.springframework.web.servlet.FrameworkServlet.doGet(FrameworkServlet.java:898)
	at javax.servlet.http.HttpServlet.service(HttpServlet.java:626)
	at org.springframework.web.servlet.FrameworkServlet.service(FrameworkServlet.java:883)
	at javax.servlet.http.HttpServlet.service(HttpServlet.java:733)
	at org.apache.catalina.core.ApplicationFilterChain.internalDoFilter(ApplicationFilterChain.java:231)
	at org.apache.catalina.core.ApplicationFilterChain.doFilter(ApplicationFilterChain.java:166)
	at org.apache.tomcat.websocket.server.WsFilter.doFilter(WsFilter.java:53)
	at org.apache.catalina.core.ApplicationFilterChain.internalDoFilter(ApplicationFilterChain.java:193)
	at org.apache.catalina.core.ApplicationFilterChain.doFilter(ApplicationFilterChain.java:166)
	at org.springframework.boot.actuate.web.trace.servlet.HttpTraceFilter.doFilterInternal(HttpTraceFilter.java:88)
	at org.springframework.web.filter.OncePerRequestFilter.doFilter(OncePerRequestFilter.java:119)
	at org.apache.catalina.core.ApplicationFilterChain.internalDoFilter(ApplicationFilterChain.java:193)
	at org.apache.catalina.core.ApplicationFilterChain.doFilter(ApplicationFilterChain.java:166)
	at org.grails.web.servlet.mvc.GrailsWebRequestFilter.doFilterInternal(GrailsWebRequestFilter.java:77)
	at org.springframework.web.filter.OncePerRequestFilter.doFilter(OncePerRequestFilter.java:119)
	at org.apache.catalina.core.ApplicationFilterChain.internalDoFilter(ApplicationFilterChain.java:193)
	at org.apache.catalina.core.ApplicationFilterChain.doFilter(ApplicationFilterChain.java:166)
	at org.grails.web.filters.HiddenHttpMethodFilter.doFilterInternal(HiddenHttpMethodFilter.java:67)
	at org.springframework.web.filter.OncePerRequestFilter.doFilter(OncePerRequestFilter.java:119)
	at org.apache.catalina.core.ApplicationFilterChain.internalDoFilter(ApplicationFilterChain.java:193)
	at org.apache.catalina.core.ApplicationFilterChain.doFilter(ApplicationFilterChain.java:166)
	at org.springframework.web.filter.CharacterEncodingFilter.doFilterInternal(CharacterEncodingFilter.java:201)
	at org.springframework.web.filter.OncePerRequestFilter.doFilter(OncePerRequestFilter.java:119)
	at org.apache.catalina.core.ApplicationFilterChain.internalDoFilter(ApplicationFilterChain.java:193)
	at org.apache.catalina.core.ApplicationFilterChain.doFilter(ApplicationFilterChain.java:166)
	at org.springframework.boot.actuate.metrics.web.servlet.WebMvcMetricsFilter.filterAndRecordMetrics(WebMvcMetricsFilter.java:114)
	at org.springframework.boot.actuate.metrics.web.servlet.WebMvcMetricsFilter.doFilterInternal(WebMvcMetricsFilter.java:104)
	at org.springframework.web.filter.OncePerRequestFilter.doFilter(OncePerRequestFilter.java:119)
	at org.apache.catalina.core.ApplicationFilterChain.internalDoFilter(ApplicationFilterChain.java:193)
	at org.apache.catalina.core.ApplicationFilterChain.doFilter(ApplicationFilterChain.java:166)
	at org.springframework.web.filter.CorsFilter.doFilterInternal(CorsFilter.java:97)
	at org.springframework.web.filter.OncePerRequestFilter.doFilter(OncePerRequestFilter.java:119)
	at org.apache.catalina.core.ApplicationFilterChain.internalDoFilter(ApplicationFilterChain.java:193)
	at org.apache.catalina.core.ApplicationFilterChain.doFilter(ApplicationFilterChain.java:166)
	at org.apache.catalina.core.StandardWrapperValve.invoke(StandardWrapperValve.java:202)
	at org.apache.catalina.core.StandardContextValve.invoke(StandardContextValve.java:97)
	at org.apache.catalina.authenticator.AuthenticatorBase.invoke(AuthenticatorBase.java:542)
	at org.apache.catalina.core.StandardHostValve.invoke(StandardHostValve.java:143)
	at org.apache.catalina.valves.ErrorReportValve.invoke(ErrorReportValve.java:92)
	at org.apache.catalina.core.StandardEngineValve.invoke(StandardEngineValve.java:78)
	at org.apache.catalina.connector.CoyoteAdapter.service(CoyoteAdapter.java:343)
	at org.apache.coyote.http11.Http11Processor.service(Http11Processor.java:374)
	at org.apache.coyote.AbstractProcessorLight.process(AbstractProcessorLight.java:65)
	at org.apache.coyote.AbstractProtocol$ConnectionHandler.process(AbstractProtocol.java:868)
	at org.apache.tomcat.util.net.NioEndpoint$SocketProcessor.doRun(NioEndpoint.java:1590)
	at org.apache.tomcat.util.net.SocketProcessorBase.run(SocketProcessorBase.java:49)
	at java.util.concurrent.ThreadPoolExecutor.runWorker(ThreadPoolExecutor.java:1149)
	at java.util.concurrent.ThreadPoolExecutor$Worker.run(ThreadPoolExecutor.java:624)
	at org.apache.tomcat.util.threads.TaskThread$WrappingRunnable.run(TaskThread.java:61)
	at java.lang.Thread.run(Thread.java:750)
ERROR StackTrace - Full Stack Trace:
org.grails.taglib.GrailsTagException: [views/index.gsp:88] Grails tag [asset:javascript] was not closed
	at org.grails.gsp.compiler.GroovyPageParser.endTag(GroovyPageParser.java:1026)
	at org.grails.gsp.compiler.GroovyPageParser.page(GroovyPageParser.java:868)
	at org.grails.gsp.compiler.GroovyPageParser.generateGsp(GroovyPageParser.java:410)
	at org.grails.gsp.compiler.GroovyPageParser.parse(GroovyPageParser.java:376)
	at org.grails.gsp.GroovyPagesTemplateEngine.buildPageMetaInfo(GroovyPagesTemplateEngine.java:542)
	at org.grails.gsp.GroovyPagesTemplateEngine.buildPageMetaInfo(GroovyPagesTemplateEngine.java:446)
	at org.grails.gsp.GroovyPagesTemplateEngine$GroovyPagesTemplateEngineCacheEntry.updateValue(GroovyPagesTemplateEngine.java:136)
	at org.grails.gsp.GroovyPagesTemplateEngine$GroovyPagesTemplateEngineCacheEntry.updateValue(GroovyPagesTemplateEngine.java:115)
	at grails.util.CacheEntry.getValue(CacheEntry.java:152)
	at grails.util.CacheEntry.getValue(CacheEntry.java:88)
	at org.grails.gsp.GroovyPagesTemplateEngine.createTemplate(GroovyPagesTemplateEngine.java:282)
	at org.grails.gsp.GroovyPagesTemplateEngine.createTemplate(GroovyPagesTemplateEngine.java:272)
	at org.grails.gsp.GroovyPagesTemplateEngine.createTemplate(GroovyPagesTemplateEngine.java:374)
	at org.grails.web.servlet.view.GroovyPageView.initTemplate(GroovyPageView.java:178)
	at org.grails.web.servlet.view.GroovyPageView.afterPropertiesSet(GroovyPageView.java:167)
	at org.grails.web.servlet.view.GroovyPageViewResolver.createGroovyPageView(GroovyPageViewResolver.java:223)
	at org.grails.web.servlet.view.GroovyPageViewResolver.createGrailsView(GroovyPageViewResolver.java:205)
	at org.grails.web.servlet.view.GroovyPageViewResolver.loadView(GroovyPageViewResolver.java:93)
	at grails.plugin.scaffolding.ScaffoldingViewResolver.loadView(ScaffoldingViewResolver.groovy:45)
	at org.springframework.web.servlet.view.AbstractCachingViewResolver.createView(AbstractCachingViewResolver.java:251)
	at org.springframework.web.servlet.view.UrlBasedViewResolver.createView(UrlBasedViewResolver.java:494)
	at org.springframework.web.servlet.view.AbstractCachingViewResolver.resolveViewName(AbstractCachingViewResolver.java:150)
	at org.grails.web.servlet.view.GrailsLayoutViewResolver.resolveViewName(GrailsLayoutViewResolver.java:57)
	at org.springframework.web.servlet.DispatcherServlet.resolveViewName(DispatcherServlet.java:1413)
	at org.springframework.web.servlet.DispatcherServlet.render(DispatcherServlet.java:1349)
	at org.springframework.web.servlet.DispatcherServlet.processDispatchResult(DispatcherServlet.java:1118)
	at org.springframework.web.servlet.DispatcherServlet.doDispatch(DispatcherServlet.java:1057)
	at org.springframework.web.servlet.DispatcherServlet.doService(DispatcherServlet.java:943)
	at org.springframework.web.servlet.FrameworkServlet.processRequest(FrameworkServlet.java:1006)
	at org.springframework.web.servlet.FrameworkServlet.doGet(FrameworkServlet.java:898)
	at org.springframework.web.servlet.FrameworkServlet.service(FrameworkServlet.java:883)
	at org.grails.web.servlet.mvc.GrailsWebRequestFilter.doFilterInternal(GrailsWebRequestFilter.java:77)
	at org.grails.web.filters.HiddenHttpMethodFilter.doFilterInternal(HiddenHttpMethodFilter.java:67)
	at java.util.concurrent.ThreadPoolExecutor.runWorker(ThreadPoolExecutor.java:1149)
	at java.util.concurrent.ThreadPoolExecutor$Worker.run(ThreadPoolExecutor.java:624)
	at java.lang.Thread.run(Thread.java:750)
